<?xml version="1.0" encoding="UTF-8"?>
<!-- Generated by org.testng.reporters.JUnitReportReporter -->
<testsuite hostname="Sayed-Sadat" failures="0" tests="1" name="tests_verification.JsonResponseValidation" time="4.405" errors="1" timestamp="19 Oct 2023 02:06:10 GMT">
  <testcase classname="tests_verification.JsonResponseValidation" name="validateJsonResponse3" time="4.405">
    <error message="1 expectation failed.
Expected header &quot;Content-Type&quot; was not &quot;application/json0&quot;, was &quot;application/json&quot;. Headers are:
Server=nginx
Date=Thu, 19 Oct 2023 02:06:07 GMT
Content-Type=application/json
Content-Length=641
Connection=keep-alive
Access-Control-Allow-Credentials=true
Access-Control-Allow-Methods=GET,HEAD,PUT,PATCH,POST,DELETE
Access-Control-Allow-Origin=*
Access-Control-Expose-Headers=Request-Id, Stripe-Manage-Version, X-Stripe-External-Auth-Required, X-Stripe-Privileged-Session-Required
Access-Control-Max-Age=300
Cache-Control=no-cache, no-store
Content-Security-Policy-Report-Only=report-uri https://q.stripe.com/csp-report?p=v1%2Fcustomers%2F%3Acustomer; block-all-mixed-content; default-src &#039;none&#039;; base-uri &#039;none&#039;; form-action &#039;none&#039;; frame-ancestors &#039;none&#039;; img-src &#039;self&#039;; script-src &#039;self&#039; &#039;report-sample&#039;; style-src &#039;self&#039;
Request-Id=req_lSCsB2fVkQh0wK
Stripe-Version=2022-11-15
Vary=Origin
X-Stripe-Routing-Context-Priority-Tier=api-testmode
Strict-Transport-Security=max-age=63072000; includeSubDomains; preload
" type="java.lang.AssertionError">
      <![CDATA[java.lang.AssertionError: 1 expectation failed.
Expected header "Content-Type" was not "application/json0", was "application/json". Headers are:
Server=nginx
Date=Thu, 19 Oct 2023 02:06:07 GMT
Content-Type=application/json
Content-Length=641
Connection=keep-alive
Access-Control-Allow-Credentials=true
Access-Control-Allow-Methods=GET,HEAD,PUT,PATCH,POST,DELETE
Access-Control-Allow-Origin=*
Access-Control-Expose-Headers=Request-Id, Stripe-Manage-Version, X-Stripe-External-Auth-Required, X-Stripe-Privileged-Session-Required
Access-Control-Max-Age=300
Cache-Control=no-cache, no-store
Content-Security-Policy-Report-Only=report-uri https://q.stripe.com/csp-report?p=v1%2Fcustomers%2F%3Acustomer; block-all-mixed-content; default-src 'none'; base-uri 'none'; form-action 'none'; frame-ancestors 'none'; img-src 'self'; script-src 'self' 'report-sample'; style-src 'self'
Request-Id=req_lSCsB2fVkQh0wK
Stripe-Version=2022-11-15
Vary=Origin
X-Stripe-Routing-Context-Priority-Tier=api-testmode
Strict-Transport-Security=max-age=63072000; includeSubDomains; preload

	at java.base/jdk.internal.reflect.DirectConstructorHandleAccessor.newInstance(DirectConstructorHandleAccessor.java:67)
	at java.base/java.lang.reflect.Constructor.newInstanceWithCaller(Constructor.java:500)
	at java.base/java.lang.reflect.Constructor.newInstance(Constructor.java:484)
	at org.codehaus.groovy.reflection.CachedConstructor.invoke(CachedConstructor.java:73)
	at org.codehaus.groovy.runtime.callsite.ConstructorSite$ConstructorSiteNoUnwrapNoCoerce.callConstructor(ConstructorSite.java:108)
	at org.codehaus.groovy.runtime.callsite.CallSiteArray.defaultCallConstructor(CallSiteArray.java:57)
	at org.codehaus.groovy.runtime.callsite.AbstractCallSite.callConstructor(AbstractCallSite.java:263)
	at org.codehaus.groovy.runtime.callsite.AbstractCallSite.callConstructor(AbstractCallSite.java:277)
	at io.restassured.internal.ResponseSpecificationImpl$HamcrestAssertionClosure.validate(ResponseSpecificationImpl.groovy:512)
	at io.restassured.internal.ResponseSpecificationImpl$HamcrestAssertionClosure$validate$1.call(Unknown Source)
	at io.restassured.internal.ResponseSpecificationImpl.validateResponseIfRequired(ResponseSpecificationImpl.groovy:696)
	at io.restassured.internal.ResponseSpecificationImpl.this$2$validateResponseIfRequired(ResponseSpecificationImpl.groovy)
	at java.base/jdk.internal.reflect.DirectMethodHandleAccessor.invoke(DirectMethodHandleAccessor.java:104)
	at java.base/java.lang.reflect.Method.invoke(Method.java:578)
	at org.codehaus.groovy.runtime.callsite.PlainObjectMetaMethodSite.doInvoke(PlainObjectMetaMethodSite.java:43)
	at org.codehaus.groovy.runtime.callsite.PogoMetaMethodSite$PogoCachedMethodSiteNoUnwrapNoCoerce.invoke(PogoMetaMethodSite.java:198)
	at org.codehaus.groovy.runtime.callsite.PogoMetaMethodSite.callCurrent(PogoMetaMethodSite.java:62)
	at org.codehaus.groovy.runtime.callsite.CallSiteArray.defaultCallCurrent(CallSiteArray.java:49)
	at org.codehaus.groovy.runtime.callsite.AbstractCallSite.callCurrent(AbstractCallSite.java:171)
	at org.codehaus.groovy.runtime.callsite.AbstractCallSite.callCurrent(AbstractCallSite.java:185)
	at io.restassured.internal.ResponseSpecificationImpl.headers(ResponseSpecificationImpl.groovy:156)
	at io.restassured.specification.ResponseSpecification$headers$3.callCurrent(Unknown Source)
	at org.codehaus.groovy.runtime.callsite.CallSiteArray.defaultCallCurrent(CallSiteArray.java:49)
	at org.codehaus.groovy.runtime.callsite.AbstractCallSite.callCurrent(AbstractCallSite.java:171)
	at org.codehaus.groovy.runtime.callsite.AbstractCallSite.callCurrent(AbstractCallSite.java:185)
	at io.restassured.internal.ResponseSpecificationImpl.headers(ResponseSpecificationImpl.groovy:173)
	at io.restassured.internal.ValidatableResponseOptionsImpl.headers(ValidatableResponseOptionsImpl.java:109)
	at tests_verification.JsonResponseValidation.validateJsonResponse3(JsonResponseValidation.java:49)
	at java.base/jdk.internal.reflect.DirectMethodHandleAccessor.invoke(DirectMethodHandleAccessor.java:104)
	at java.base/java.lang.reflect.Method.invoke(Method.java:578)
	at org.testng.internal.MethodInvocationHelper.invokeMethod(MethodInvocationHelper.java:80)
	at org.testng.internal.Invoker.invokeMethod(Invoker.java:714)
	at org.testng.internal.Invoker.invokeTestMethod(Invoker.java:901)
	at org.testng.internal.Invoker.invokeTestMethods(Invoker.java:1231)
	at org.testng.internal.TestMethodWorker.invokeTestMethods(TestMethodWorker.java:127)
	at org.testng.internal.TestMethodWorker.run(TestMethodWorker.java:111)
	at org.testng.TestRunner.privateRun(TestRunner.java:767)
	at org.testng.TestRunner.run(TestRunner.java:617)
	at org.testng.SuiteRunner.runTest(SuiteRunner.java:334)
	at org.testng.SuiteRunner.runSequentially(SuiteRunner.java:329)
	at org.testng.SuiteRunner.privateRun(SuiteRunner.java:291)
	at org.testng.SuiteRunner.run(SuiteRunner.java:240)
	at org.testng.SuiteRunnerWorker.runSuite(SuiteRunnerWorker.java:52)
	at org.testng.SuiteRunnerWorker.run(SuiteRunnerWorker.java:86)
	at org.testng.TestNG.runSuitesSequentially(TestNG.java:1198)
	at org.testng.TestNG.runSuitesLocally(TestNG.java:1123)
	at org.testng.TestNG.run(TestNG.java:1031)
	at org.testng.remote.AbstractRemoteTestNG.run(AbstractRemoteTestNG.java:115)
	at org.testng.remote.RemoteTestNG.initAndRun(RemoteTestNG.java:251)
	at org.testng.remote.RemoteTestNG.main(RemoteTestNG.java:77)
]]>
    </error>
  </testcase> <!-- validateJsonResponse3 -->
</testsuite> <!-- tests_verification.JsonResponseValidation -->
